{"/Users/jessicamachado/Documents/Estudos/clean-react/src/data/test/mock-http-client.ts": {"path":"/Users/jessicamachado/Documents/Estudos/clean-react/src/data/test/mock-http-client.ts","statementMap":{"0":{"start":{"line":3,"column":0},"end":{"line":3,"column":13}},"1":{"start":{"line":5,"column":10},"end":{"line":8,"column":null}},"2":{"start":{"line":6,"column":6},"end":{"line":6,"column":null}},"3":{"start":{"line":7,"column":6},"end":{"line":7,"column":null}},"4":{"start":{"line":9,"column":0},"end":{"line":9,"column":null}},"5":{"start":{"line":3,"column":13},"end":{"line":3,"column":30}}},"fnMap":{"0":{"name":"(anonymous_13)","decl":{"start":{"line":3,"column":0},"end":{"line":3,"column":13}},"loc":{"start":{"line":3,"column":0},"end":{"line":9,"column":null}}},"1":{"name":"(anonymous_15)","decl":{"start":{"line":5,"column":4},"end":{"line":5,"column":10}},"loc":{"start":{"line":5,"column":38},"end":{"line":8,"column":null}}}},"branchMap":{},"s":{"0":1,"1":1,"2":1,"3":1,"4":1,"5":1},"f":{"0":2,"1":1},"b":{}}
,"/Users/jessicamachado/Documents/Estudos/clean-react/src/data/usecases/authentication/remote-authentication.ts": {"path":"/Users/jessicamachado/Documents/Estudos/clean-react/src/data/usecases/authentication/remote-authentication.ts","statementMap":{"0":{"start":{"line":3,"column":0},"end":{"line":3,"column":13}},"1":{"start":{"line":4,"column":32},"end":{"line":4,"column":43}},"2":{"start":{"line":5,"column":21},"end":{"line":5,"column":51}},"3":{"start":{"line":7,"column":8},"end":{"line":9,"column":null}},"4":{"start":{"line":8,"column":4},"end":{"line":8,"column":null}},"5":{"start":{"line":10,"column":0},"end":{"line":10,"column":null}},"6":{"start":{"line":3,"column":13},"end":{"line":3,"column":33}}},"fnMap":{"0":{"name":"(anonymous_13)","decl":{"start":{"line":3,"column":0},"end":{"line":3,"column":13}},"loc":{"start":{"line":3,"column":0},"end":{"line":10,"column":null}}},"1":{"name":"RemoteAuthentication","decl":{"start":{"line":4,"column":2},"end":{"line":4,"column":32}},"loc":{"start":{"line":5,"column":51},"end":{"line":5,"column":55}}},"2":{"name":"(anonymous_15)","decl":{"start":{"line":7,"column":2},"end":{"line":7,"column":8}},"loc":{"start":{"line":7,"column":2},"end":{"line":9,"column":null}}}},"branchMap":{"0":{"loc":{"start":{"line":8,"column":4},"end":{"line":8,"column":null}},"type":"switch","locations":[{"start":{"line":8,"column":4},"end":{"line":8,"column":null}}]}},"s":{"0":1,"1":1,"2":1,"3":1,"4":2,"5":1,"6":1},"f":{"0":1,"1":1,"2":1},"b":{"0":[1]}}
}
