{"/Users/jessicamachado/Documents/Estudos/clean-react/src/data/test/mock-http-client.ts": {"path":"/Users/jessicamachado/Documents/Estudos/clean-react/src/data/test/mock-http-client.ts","statementMap":{"0":{"start":{"line":3,"column":0},"end":{"line":3,"column":13}},"1":{"start":{"line":7,"column":10},"end":{"line":11,"column":null}},"2":{"start":{"line":8,"column":6},"end":{"line":8,"column":null}},"3":{"start":{"line":9,"column":6},"end":{"line":9,"column":null}},"4":{"start":{"line":10,"column":6},"end":{"line":10,"column":null}},"5":{"start":{"line":12,"column":0},"end":{"line":12,"column":null}},"6":{"start":{"line":3,"column":13},"end":{"line":3,"column":30}}},"fnMap":{"0":{"name":"(anonymous_13)","decl":{"start":{"line":3,"column":0},"end":{"line":3,"column":13}},"loc":{"start":{"line":3,"column":0},"end":{"line":12,"column":null}}},"1":{"name":"(anonymous_15)","decl":{"start":{"line":7,"column":4},"end":{"line":7,"column":10}},"loc":{"start":{"line":7,"column":38},"end":{"line":11,"column":null}}}},"branchMap":{},"s":{"0":1,"1":1,"2":2,"3":2,"4":2,"5":1,"6":1},"f":{"0":3,"1":2},"b":{}}
,"/Users/jessicamachado/Documents/Estudos/clean-react/src/data/usecases/authentication/remote-authentication.ts": {"path":"/Users/jessicamachado/Documents/Estudos/clean-react/src/data/usecases/authentication/remote-authentication.ts","statementMap":{"0":{"start":{"line":4,"column":0},"end":{"line":4,"column":13}},"1":{"start":{"line":5,"column":32},"end":{"line":5,"column":43}},"2":{"start":{"line":6,"column":21},"end":{"line":6,"column":51}},"3":{"start":{"line":8,"column":8},"end":{"line":10,"column":null}},"4":{"start":{"line":9,"column":4},"end":{"line":9,"column":null}},"5":{"start":{"line":11,"column":0},"end":{"line":11,"column":null}},"6":{"start":{"line":4,"column":13},"end":{"line":4,"column":33}}},"fnMap":{"0":{"name":"(anonymous_13)","decl":{"start":{"line":4,"column":0},"end":{"line":4,"column":13}},"loc":{"start":{"line":4,"column":0},"end":{"line":11,"column":null}}},"1":{"name":"RemoteAuthentication","decl":{"start":{"line":5,"column":2},"end":{"line":5,"column":32}},"loc":{"start":{"line":6,"column":51},"end":{"line":6,"column":55}}},"2":{"name":"(anonymous_15)","decl":{"start":{"line":8,"column":2},"end":{"line":8,"column":8}},"loc":{"start":{"line":8,"column":42},"end":{"line":10,"column":null}}}},"branchMap":{"0":{"loc":{"start":{"line":9,"column":4},"end":{"line":9,"column":null}},"type":"switch","locations":[{"start":{"line":9,"column":4},"end":{"line":9,"column":null}}]}},"s":{"0":1,"1":2,"2":2,"3":1,"4":4,"5":1,"6":1},"f":{"0":1,"1":2,"2":2},"b":{"0":[2]}}
,"/Users/jessicamachado/Documents/Estudos/clean-react/src/domain/test/mock-authentication.ts": {"path":"/Users/jessicamachado/Documents/Estudos/clean-react/src/domain/test/mock-authentication.ts","statementMap":{"0":{"start":{"line":2,"column":0},"end":{"line":2,"column":25}},"1":{"start":{"line":4,"column":34},"end":{"line":4,"column":63}},"2":{"start":{"line":4,"column":62},"end":{"line":7,"column":null}},"3":{"start":{"line":4,"column":13},"end":{"line":4,"column":34}}},"fnMap":{"0":{"name":"(anonymous_1)","decl":{"start":{"line":4,"column":34},"end":{"line":4,"column":62}},"loc":{"start":{"line":4,"column":34},"end":{"line":4,"column":63}}}},"branchMap":{},"s":{"0":1,"1":1,"2":2,"3":1},"f":{"0":2},"b":{}}
}
