TN:
SF:src/data/test/mock-http-client.ts
FN:3,(anonymous_13)
FN:7,(anonymous_15)
FNF:2
FNH:2
FNDA:3,(anonymous_13)
FNDA:2,(anonymous_15)
DA:3,1
DA:7,1
DA:8,2
DA:9,2
DA:10,2
DA:12,1
LF:6
LH:6
BRF:0
BRH:0
end_of_record
TN:
SF:src/data/usecases/authentication/remote-authentication.ts
FN:4,(anonymous_13)
FN:5,RemoteAuthentication
FN:8,(anonymous_15)
FNF:3
FNH:3
FNDA:1,(anonymous_13)
FNDA:2,RemoteAuthentication
FNDA:2,(anonymous_15)
DA:4,1
DA:5,2
DA:6,2
DA:8,1
DA:9,4
DA:11,1
LF:6
LH:6
BRDA:9,0,0,2
BRF:1
BRH:1
end_of_record
TN:
SF:src/domain/test/mock-authentication.ts
FN:4,(anonymous_1)
FNF:1
FNH:1
FNDA:2,(anonymous_1)
DA:2,1
DA:4,2
LF:2
LH:2
BRF:0
BRH:0
end_of_record
